[INFO] 2018/02/12 17:44 Request path:/
ip:::1
Fms:null
UserAgent: Mozilla/5.0 (Windows NT 10.0; Win64; x64) AppleWebKit/537.36 (KHTML, like Gecko) Chrome/64.0.3282.140 Safari/537.36
[INFO] 2018/02/12 17:44 response is success data: nihao
[INFO] 2018/02/12 17:44 200 999.8µs ::1 GET /
[INFO] 2018/02/12 17:44 Request path:/
ip:::1
Fms:null
UserAgent: Mozilla/5.0 (Windows NT 10.0; Win64; x64) AppleWebKit/537.36 (KHTML, like Gecko) Chrome/64.0.3282.140 Safari/537.36
[INFO] 2018/02/12 17:44 response is success data: nihao
[INFO] 2018/02/12 17:44 200 1.0005ms ::1 GET /
[INFO] 2018/02/12 17:45 Request path:/
ip:::1
Fms:null
UserAgent: Mozilla/5.0 (Windows NT 10.0; Win64; x64) AppleWebKit/537.36 (KHTML, like Gecko) Chrome/64.0.3282.140 Safari/537.36
[INFO] 2018/02/12 17:45 response is success data: nihao
[INFO] 2018/02/12 17:45 200   0s ::1 GET /
[INFO] 2018/02/12 17:45 Request path:/
ip:::1
Fms:null
UserAgent: Mozilla/5.0 (Windows NT 10.0; Win64; x64) AppleWebKit/537.36 (KHTML, like Gecko) Chrome/64.0.3282.140 Safari/537.36
[INFO] 2018/02/12 17:45 response is success data: nihao
[INFO] 2018/02/12 17:45 200 1.0005ms ::1 GET /
[INFO] 2018/02/12 17:45 Request path:/
ip:::1
Fms:null
UserAgent: Mozilla/5.0 (Windows NT 10.0; Win64; x64) AppleWebKit/537.36 (KHTML, like Gecko) Chrome/64.0.3282.140 Safari/537.36
[INFO] 2018/02/12 17:45 response is success data: hello boy!
[INFO] 2018/02/12 17:45 200 1.0002ms ::1 GET /
[INFO] 2018/02/12 17:45 Request path:/api/v1
ip:::1
Fms:null
UserAgent: PostmanRuntime/6.4.1
[INFO] 2018/02/12 17:45 401 1.0001ms ::1 GET /api/v1
[INFO] 2018/02/12 17:45 Request path:/api/v1
ip:::1
Fms:null
UserAgent: PostmanRuntime/6.4.1
[INFO] 2018/02/12 17:45 401   0s ::1 GET /api/v1
[INFO] 2018/02/12 17:45 Request path:/
ip:::1
Fms:null
UserAgent: PostmanRuntime/6.4.1
[INFO] 2018/02/12 17:45 response is success data: hello boy!
[INFO] 2018/02/12 17:45 200   0s ::1 GET /
[INFO] 2018/02/12 17:45 Request path:/api/v1
ip:::1
Fms:null
UserAgent: PostmanRuntime/6.4.1
[INFO] 2018/02/12 17:45 401   0s ::1 GET /api/v1
[INFO] 2018/02/12 17:45 Request path:/api/v1
ip:::1
Fms:null
UserAgent: PostmanRuntime/6.4.1
[INFO] 2018/02/12 17:45 401   0s ::1 GET /api/v1
[INFO] 2018/02/12 18:03 Request path:/api/v1
ip:::1
Fms:null
UserAgent: PostmanRuntime/6.4.1
[INFO] 2018/02/12 18:03 401   0s ::1 GET /api/v1
[INFO] 2018/02/12 18:03 Request path:/api/v1
ip:::1
Fms:null
UserAgent: PostmanRuntime/6.4.1
[INFO] 2018/02/12 18:03 401 1.0005ms ::1 GET /api/v1
[INFO] 2018/02/12 18:03 Request path:/api/v1
ip:::1
Fms:null
UserAgent: PostmanRuntime/6.4.1
[INFO] 2018/02/12 18:03 401 1.0002ms ::1 GET /api/v1
[INFO] 2018/02/12 18:03 Request path:/api/v1
ip:::1
Fms:null
UserAgent: PostmanRuntime/6.4.1
[INFO] 2018/02/12 18:03 401   0s ::1 GET /api/v1
[INFO] 2018/02/12 18:03 Request path:/api/v1
ip:::1
Fms:null
UserAgent: PostmanRuntime/6.4.1
[INFO] 2018/02/12 18:03 401   0s ::1 GET /api/v1
[INFO] 2018/02/12 18:04 Request path:/api/v1
ip:::1
Fms:null
UserAgent: PostmanRuntime/6.4.1
[INFO] 2018/02/12 18:04 401   0s ::1 GET /api/v1
[INFO] 2018/02/12 18:05 Request path:/api/v1
ip:::1
Fms:null
UserAgent: PostmanRuntime/6.4.1
[INFO] 2018/02/12 18:05 401   0s ::1 GET /api/v1
[INFO] 2018/02/12 18:05 Request path:/api/v1
ip:::1
Fms:null
UserAgent: PostmanRuntime/6.4.1
[INFO] 2018/02/12 18:05 200   0s ::1 GET /api/v1
[INFO] 2018/02/12 18:05 Request path:/api/v1
ip:::1
Fms:null
UserAgent: PostmanRuntime/6.4.1
[INFO] 2018/02/12 18:05 200   0s ::1 GET /api/v1
[INFO] 2018/02/12 18:05 Request path:/api/v1
ip:::1
Fms:null
UserAgent: PostmanRuntime/6.4.1
[INFO] 2018/02/12 18:05 200   0s ::1 GET /api/v1
[INFO] 2018/02/12 18:12 Request path:/api/v1
ip:::1
Fms:null
UserAgent: PostmanRuntime/6.4.1
[INFO] 2018/02/12 18:12 response is success data: jwterrRequired authorization token not found 2
[INFO] 2018/02/12 18:12 200   0s ::1 GET /api/v1
[INFO] 2018/02/12 18:12 Request path:/api/v1
ip:::1
Fms:null
UserAgent: PostmanRuntime/6.4.1
[INFO] 2018/02/12 18:12 response is success data: jwterrRequired authorization token not found 2
[INFO] 2018/02/12 18:12 200   0s ::1 GET /api/v1
[INFO] 2018/02/12 18:13 Request path:/api/v1
ip:::1
Fms:null
UserAgent: PostmanRuntime/6.4.1
[INFO] 2018/02/12 18:13 response is error : jwterrRequired authorization token not found
[INFO] 2018/02/12 18:13 200   0s ::1 GET /api/v1
[INFO] 2018/02/12 18:14 Request path:/api/v1
ip:::1
Fms:null
UserAgent: PostmanRuntime/6.4.1
[INFO] 2018/02/12 18:14 response is error : Required authorization token not found
[INFO] 2018/02/12 18:14 200   0s ::1 GET /api/v1
[INFO] 2018/02/12 18:14 Request path:/api/v1
ip:::1
Fms:null
UserAgent: PostmanRuntime/6.4.1
[INFO] 2018/02/12 18:14 response is error : Required authorization token not found
[INFO] 2018/02/12 18:14 200   0s ::1 GET /api/v1
[INFO] 2018/02/12 18:21 Request path:/api/v1
ip:::1
Fms:null
UserAgent: PostmanRuntime/6.4.1
[INFO] 2018/02/12 18:21 response is error : Required authorization token not found
[INFO] 2018/02/12 18:21 200   0s ::1 GET /api/v1
[INFO] 2018/02/12 18:23 Request path:/api/v1
ip:::1
Fms:null
UserAgent: PostmanRuntime/6.4.1
[INFO] 2018/02/12 18:23 response is error : Required authorization token not found
[INFO] 2018/02/12 18:23 200   0s ::1 POST /api/v1
[INFO] 2018/02/12 18:28 Request path:/api/v1
ip:::1
Fms:null
UserAgent: PostmanRuntime/6.4.1
[INFO] 2018/02/12 18:28 response is error : Required authorization token not found
[INFO] 2018/02/12 18:28 200   0s ::1 POST /api/v1
[INFO] 2018/02/12 18:28 Request path:/api/v1
ip:::1
Fms:null
UserAgent: PostmanRuntime/6.4.1
[WARN] 2018/02/12 18:28 Recovered from a route's Handler('anla.io/hound/app.myHandler')
At Request: 200 /api/v1 GET ::1
Trace: interface conversion: interface {} is nil, not *jwt.Token

C:/Go/src/runtime/asm_amd64.s:509
C:/Go/src/runtime/panic.go:491
C:/Go/src/runtime/iface.go:172
C:/Users/Anla-E/go/src/anla.io/hound/app/index.go:88
C:/Users/Anla-E/go/src/github.com/kataras/iris/context/context.go:1251
C:/Users/Anla-E/go/src/github.com/kataras/iris/context/context.go:1260
C:/Users/Anla-E/go/src/anla.io/hound/middleware/before.go:28
C:/Users/Anla-E/go/src/github.com/kataras/iris/context/context.go:1251
C:/Users/Anla-E/go/src/github.com/kataras/iris/context/context.go:1260
C:/Users/Anla-E/go/src/github.com/kataras/iris/middleware/logger/logger.go:50
C:/Users/Anla-E/go/src/github.com/kataras/iris/middleware/logger/logger.go:31
C:/Users/Anla-E/go/src/github.com/kataras/iris/context/context.go:1251
C:/Users/Anla-E/go/src/github.com/kataras/iris/context/context.go:1260
C:/Users/Anla-E/go/src/github.com/kataras/iris/middleware/recover/recover.go:56
C:/Users/Anla-E/go/src/github.com/kataras/iris/context/context.go:1251
C:/Users/Anla-E/go/src/github.com/kataras/iris/context/context.go:1260
C:/Users/Anla-E/go/src/github.com/kataras/iris/core/handlerconv/from_std.go:78
C:/Users/Anla-E/go/src/github.com/rs/cors/cors.go:233
C:/Users/Anla-E/go/src/github.com/iris-contrib/middleware/cors/cors.go:36
C:/Users/Anla-E/go/src/github.com/kataras/iris/core/handlerconv/from_std.go:81
C:/Users/Anla-E/go/src/github.com/kataras/iris/context/context.go:936
C:/Users/Anla-E/go/src/github.com/kataras/iris/context/context.go:1137
C:/Users/Anla-E/go/src/github.com/kataras/iris/core/router/handler.go:219
C:/Users/Anla-E/go/src/github.com/kataras/iris/core/router/router.go:70
C:/Users/Anla-E/go/src/github.com/kataras/iris/core/router/router.go:147
C:/Go/src/net/http/server.go:2619
C:/Go/src/net/http/server.go:1801
C:/Go/src/runtime/asm_amd64.s:2337

[INFO] 2018/02/12 18:29 Request path:/api/v1
ip:::1
Fms:null
UserAgent: PostmanRuntime/6.4.1
[INFO] 2018/02/12 18:29 response is error : Required authorization token not found
[INFO] 2018/02/12 18:29 200   0s ::1 GET /api/v1
[INFO] 2018/02/12 18:29 Request path:/api/v1
ip:::1
Fms:null
UserAgent: PostmanRuntime/6.4.1
[INFO] 2018/02/12 18:29 response is success data: x
[INFO] 2018/02/12 18:29 200 1.0001ms ::1 POST /api/v1
[INFO] 2018/02/12 18:36 Request path:/api/v1
ip:::1
Fms:null
UserAgent: PostmanRuntime/6.4.1
[INFO] 2018/02/12 18:36 response is success data: x
[INFO] 2018/02/12 18:36 200 2.0007ms ::1 POST /api/v1
[INFO] 2018/02/12 18:37 Request path:/api/v1
ip:::1
Fms:null
UserAgent: PostmanRuntime/6.4.1
[WARN] 2018/02/12 18:37 Recovered from a route's Handler('anla.io/hound/handler.(UserHand).Create-fm')
At Request: 200 /api/v1 POST ::1
Trace: interface conversion: interface {} is *jwt.Token, not string

C:/Go/src/runtime/asm_amd64.s:509
C:/Go/src/runtime/panic.go:491
C:/Go/src/runtime/iface.go:172
C:/Users/Anla-E/go/src/anla.io/hound/handler/res.go:21
C:/Users/Anla-E/go/src/anla.io/hound/handler/user.go:28
C:/Users/Anla-E/go/src/anla.io/hound/app/index.go:76
C:/Users/Anla-E/go/src/github.com/kataras/iris/context/context.go:1251
C:/Users/Anla-E/go/src/github.com/kataras/iris/context/context.go:1260
C:/Users/Anla-E/go/src/anla.io/hound/middleware/before.go:28
C:/Users/Anla-E/go/src/github.com/kataras/iris/context/context.go:1251
C:/Users/Anla-E/go/src/github.com/kataras/iris/context/context.go:1260
C:/Users/Anla-E/go/src/github.com/kataras/iris/middleware/logger/logger.go:50
C:/Users/Anla-E/go/src/github.com/kataras/iris/middleware/logger/logger.go:31
C:/Users/Anla-E/go/src/github.com/kataras/iris/context/context.go:1251
C:/Users/Anla-E/go/src/github.com/kataras/iris/context/context.go:1260
C:/Users/Anla-E/go/src/github.com/kataras/iris/middleware/recover/recover.go:56
C:/Users/Anla-E/go/src/github.com/kataras/iris/context/context.go:1251
C:/Users/Anla-E/go/src/github.com/kataras/iris/context/context.go:1260
C:/Users/Anla-E/go/src/github.com/kataras/iris/core/handlerconv/from_std.go:78
C:/Users/Anla-E/go/src/github.com/rs/cors/cors.go:233
C:/Users/Anla-E/go/src/github.com/iris-contrib/middleware/cors/cors.go:36
C:/Users/Anla-E/go/src/github.com/kataras/iris/core/handlerconv/from_std.go:81
C:/Users/Anla-E/go/src/github.com/kataras/iris/context/context.go:936
C:/Users/Anla-E/go/src/github.com/kataras/iris/context/context.go:1137
C:/Users/Anla-E/go/src/github.com/kataras/iris/core/router/handler.go:219
C:/Users/Anla-E/go/src/github.com/kataras/iris/core/router/router.go:70
C:/Users/Anla-E/go/src/github.com/kataras/iris/core/router/router.go:147
C:/Go/src/net/http/server.go:2619
C:/Go/src/net/http/server.go:1801
C:/Go/src/runtime/asm_amd64.s:2337

[INFO] 2018/02/12 19:07 Request path:/api/v1
ip:::1
Fms:null
UserAgent: PostmanRuntime/6.4.1
[INFO] 2018/02/12 19:07 response is success data: eyJhbGciOiJIUzI1NiIsInR5cCI6IkpXVCJ9.eyJmb28iOiJiYXIiLCJleHAiOjE1MDAwLCJpc3MiOiJ0ZXN0In0.byJa_hI9_61UPwqNQoded6pzppxbZ1B0HU4dhTO93RQ
[INFO] 2018/02/12 19:07 200 1.0005ms ::1 POST /api/v1
[INFO] 2018/02/12 19:08 Request path:/api/v1
ip:::1
Fms:null
UserAgent: PostmanRuntime/6.4.1
[INFO] 2018/02/12 19:08 response is error : Required authorization token not found
[INFO] 2018/02/12 19:08 200   0s ::1 GET /api/v1
[INFO] 2018/02/12 19:09 Request path:/api/v1
ip:::1
Fms:null
UserAgent: PostmanRuntime/6.4.1
[INFO] 2018/02/12 19:09 response is error : Authorization header format must be Bearer {token}
[INFO] 2018/02/12 19:09 200   0s ::1 GET /api/v1
[INFO] 2018/02/12 19:09 Request path:/api/v1
ip:::1
Fms:null
UserAgent: PostmanRuntime/6.4.1
[INFO] 2018/02/12 19:09 response is error : Token is expired
[INFO] 2018/02/12 19:09 200   0s ::1 GET /api/v1
[INFO] 2018/02/12 19:09 Request path:/api/v1
ip:::1
Fms:null
UserAgent: PostmanRuntime/6.4.1
[INFO] 2018/02/12 19:09 response is error : Token is expired
[INFO] 2018/02/12 19:09 200 1.0071ms ::1 GET /api/v1
[INFO] 2018/02/12 19:09 Request path:/api/v1
ip:::1
Fms:null
UserAgent: PostmanRuntime/6.4.1
[INFO] 2018/02/12 19:09 response is error : Token is expired
[INFO] 2018/02/12 19:09 200   0s ::1 GET /api/v1
[INFO] 2018/02/12 19:09 Request path:/api/v1
ip:::1
Fms:null
UserAgent: PostmanRuntime/6.4.1
[INFO] 2018/02/12 19:09 response is error : Token is expired
[INFO] 2018/02/12 19:09 200   0s ::1 GET /api/v1
[INFO] 2018/02/12 19:09 Request path:/api/v1
ip:::1
Fms:null
UserAgent: PostmanRuntime/6.4.1
[INFO] 2018/02/12 19:09 response is error : Token is expired
[INFO] 2018/02/12 19:09 200 1.9999ms ::1 GET /api/v1
[INFO] 2018/02/12 19:09 Request path:/api/v1
ip:::1
Fms:null
UserAgent: PostmanRuntime/6.4.1
[INFO] 2018/02/12 19:09 response is error : Token is expired
[INFO] 2018/02/12 19:09 200   0s ::1 GET /api/v1
[INFO] 2018/02/12 19:09 Request path:/api/v1
ip:::1
Fms:null
UserAgent: PostmanRuntime/6.4.1
[INFO] 2018/02/12 19:09 response is error : Token is expired
[INFO] 2018/02/12 19:09 200   0s ::1 GET /api/v1
[INFO] 2018/02/12 19:10 Request path:/api/v1
ip:::1
Fms:null
UserAgent: PostmanRuntime/6.4.1
[INFO] 2018/02/12 19:10 response is error : Token is expired
[INFO] 2018/02/12 19:10 200 1.0012ms ::1 GET /api/v1
[INFO] 2018/02/12 19:10 Request path:/api/v1
ip:::1
Fms:null
UserAgent: PostmanRuntime/6.4.1
[INFO] 2018/02/12 19:10 response is error : Token is expired
[INFO] 2018/02/12 19:10 200   0s ::1 GET /api/v1
[INFO] 2018/02/12 19:10 Request path:/api/v1
ip:::1
Fms:null
UserAgent: PostmanRuntime/6.4.1
[INFO] 2018/02/12 19:10 response is error : Token is expired
[INFO] 2018/02/12 19:10 200   0s ::1 GET /api/v1
[INFO] 2018/02/12 19:10 Request path:/api/v1
ip:::1
Fms:null
UserAgent: PostmanRuntime/6.4.1
[INFO] 2018/02/12 19:10 response is error : Token is expired
[INFO] 2018/02/12 19:10 200   0s ::1 GET /api/v1
[INFO] 2018/02/12 19:12 Request path:/api/v1
ip:::1
Fms:null
UserAgent: PostmanRuntime/6.4.1
[INFO] 2018/02/12 19:12 response is success data: eyJhbGciOiJIUzI1NiIsInR5cCI6IkpXVCJ9.eyJmb28iOiJiYXIiLCJleHAiOjk5NTAwMCwiaXNzIjoidGVzdCJ9.pWZUcMx-rd2v-QqdlR3DG-FpdRBxAbEwKc-qD4oBwxg
[INFO] 2018/02/12 19:12 200 999.8µs ::1 POST /api/v1
[INFO] 2018/02/12 19:13 Request path:/api/v1
ip:::1
Fms:null
UserAgent: PostmanRuntime/6.4.1
[INFO] 2018/02/12 19:13 response is error : Token is expired
[INFO] 2018/02/12 19:13 200   0s ::1 GET /api/v1
[INFO] 2018/02/12 19:13 Request path:/api/v1
ip:::1
Fms:null
UserAgent: PostmanRuntime/6.4.1
[INFO] 2018/02/12 19:13 response is error : Token is expired
[INFO] 2018/02/12 19:13 200 1.0008ms ::1 GET /api/v1
[INFO] 2018/02/12 19:14 Request path:/api/v1
ip:::1
Fms:null
UserAgent: PostmanRuntime/6.4.1
[INFO] 2018/02/12 19:14 response is error : Authorization header format must be Bearer {token}
[INFO] 2018/02/12 19:14 200   0s ::1 GET /api/v1
[INFO] 2018/02/12 19:15 Request path:/api/v1
ip:::1
Fms:null
UserAgent: PostmanRuntime/6.4.1
[INFO] 2018/02/12 19:15 response is success data: eyJhbGciOiJIUzI1NiIsInR5cCI6IkpXVCJ9.eyJmb28iOiJiYXIiLCJleHAiOjk5OTk5LCJpc3MiOiJ0ZXN0In0.V6E3AVkja8qnawfLI83pJhTNFBG7IYyUpZCr-9-eqQw
[INFO] 2018/02/12 19:15 200 999.1µs ::1 POST /api/v1
[INFO] 2018/02/12 19:15 Request path:/api/v1
ip:::1
Fms:null
UserAgent: PostmanRuntime/6.4.1
[INFO] 2018/02/12 19:15 response is success data: eyJhbGciOiJIUzI1NiIsInR5cCI6IkpXVCJ9.eyJmb28iOiJiYXIyIiwiZXhwIjo5OTk5OTAsImlzcyI6InVzZXIyIn0.5KTMTX_ZmUsSFYA5UjlSJ1XqQMF4JYidg-Ac0ccaOTU
[INFO] 2018/02/12 19:15 200 2.0007ms ::1 POST /api/v1
[INFO] 2018/02/12 19:17 Request path:/api/v1
ip:::1
Fms:null
UserAgent: PostmanRuntime/6.4.1
[INFO] 2018/02/12 19:17 response is error : Token is expired
[INFO] 2018/02/12 19:17 200 999.4µs ::1 GET /api/v1
[INFO] 2018/02/12 19:17 Request path:/api/v1
ip:::1
Fms:null
UserAgent: PostmanRuntime/6.4.1
[INFO] 2018/02/12 19:17 response is success data: eyJhbGciOiJIUzI1NiIsInR5cCI6IkpXVCJ9.eyJmb28iOiJiYXIyIiwiZXhwIjo5OTk5OTAsImlzcyI6InVzZXIyIn0.Ccu5bl6W60bCGwjlEYVRpBPz8ac1-dj1Yarfhedx7tg
[INFO] 2018/02/12 19:17 200   0s ::1 POST /api/v1
[INFO] 2018/02/12 19:17 Request path:/api/v1
ip:::1
Fms:null
UserAgent: PostmanRuntime/6.4.1
[INFO] 2018/02/12 19:17 response is error : signature is invalid
[INFO] 2018/02/12 19:17 200   0s ::1 GET /api/v1
[ERRO] 2018/02/12 19:19 http: Server closed
